<?xml version="1.0" encoding="UTF-8"?>
<!-- Generated by org.testng.reporters.JUnitReportReporter -->
<testsuite hostname="f3191f1a039a574" failures="0" tests="3" name="systemTests.LoginScreen" time="4.946" errors="0" timestamp="2024-05-13T20:55:40 IST" skipped="0">
  <testcase classname="systemTests.LoginScreen" name="verifyInvalidLogin_InvalidUserName" time="1.930"/>
  <system-out/>
  <testcase classname="systemTests.LoginScreen" name="verifyInvalidLogin_InvalidUserPassword" time="1.690"/>
  <system-out/>
  <testcase classname="systemTests.LoginScreen" name="abilityToLoginSuccessfully" time="1.326"/>
  <system-out/>
</testsuite> <!-- systemTests.LoginScreen -->
